<?xml version="1.0" encoding="UTF-8"?>
<testng-results ignored="0" total="1" passed="1" failed="0" skipped="0">
  <reporter-output>
  </reporter-output>
  <suite started-at="2023-09-17T14:18:43 MESZ" name="Surefire suite" finished-at="2023-09-17T14:19:06 MESZ" duration-ms="23535">
    <groups>
      <group name="cucumber">
        <method signature="AbstractTestNGCucumberTests.runScenario(io.cucumber.testng.PickleWrapper,io.cucumber.testng.FeatureWrapper)[pri:0, instance:runners.Runner@21507a04]" name="runScenario" class="io.cucumber.testng.AbstractTestNGCucumberTests"/>
      </group> <!-- cucumber -->
    </groups>
    <test started-at="2023-09-17T14:18:43 MESZ" name="Surefire test" finished-at="2023-09-17T14:19:06 MESZ" duration-ms="23535">
      <class name="runners.Runner">
        <test-method is-config="true" signature="setUpClass(org.testng.ITestContext)[pri:0, instance:runners.Runner@21507a04]" started-at="2023-09-17T14:18:43 MESZ" name="setUpClass" finished-at="2023-09-17T14:18:44 MESZ" duration-ms="1432" status="PASS">
          <params>
            <param index="0">
              <value>
                <![CDATA[org.testng.TestRunner@3f8dfe74]]>
              </value>
            </param>
          </params>
          <reporter-output>
          </reporter-output>
        </test-method> <!-- setUpClass -->
        <test-method signature="runScenario(io.cucumber.testng.PickleWrapper,io.cucumber.testng.FeatureWrapper)[pri:0, instance:runners.Runner@21507a04]" started-at="2023-09-17T14:18:44 MESZ" name="runScenario" description="Runs Cucumber Scenarios" data-provider="scenarios" finished-at="2023-09-17T14:19:06 MESZ" duration-ms="21915" status="PASS">
          <params>
            <param index="0">
              <value>
                <![CDATA["Test1"]]>
              </value>
            </param>
            <param index="1">
              <value>
                <![CDATA["Home Page"]]>
              </value>
            </param>
          </params>
          <reporter-output>
          </reporter-output>
        </test-method> <!-- runScenario -->
        <test-method is-config="true" signature="tearDownClass()[pri:0, instance:runners.Runner@21507a04]" started-at="2023-09-17T14:19:06 MESZ" name="tearDownClass" finished-at="2023-09-17T14:19:06 MESZ" duration-ms="103" status="PASS">
          <reporter-output>
          </reporter-output>
        </test-method> <!-- tearDownClass -->
      </class> <!-- runners.Runner -->
    </test> <!-- Surefire test -->
  </suite> <!-- Surefire suite -->
</testng-results>
